<?xml version="1.0" encoding="UTF-8"?>
<!-- Generated by org.testng.reporters.JUnitReportReporter -->
<testsuite skipped="0" hostname="System17-PC" name="com.data.screenshot" tests="3" failures="0" timestamp="25 Oct 2018 10:35:26 GMT" time="19.472" errors="0">
  <testcase name="draganddrop" time="7.669" classname="com.data.screenshot"/>
  <testcase name="takeScreenshot" time="5.904" classname="com.data.screenshot"/>
  <testcase name="moveslider" time="5.899" classname="com.data.screenshot"/>
</testsuite> <!-- com.data.screenshot -->
