<?xml version="1.0" encoding="UTF-8"?>
<!-- Generated by org.testng.reporters.JUnitReportReporter -->
<testsuite skipped="0" hostname="Sysyetm53-PC" name="com.data.readdatafromexcel" tests="1" failures="0" timestamp="04 Oct 2018 03:08:27 GMT" time="0.191" errors="0">
  <testcase name="readdata" time="0.191" classname="com.data.readdatafromexcel"/>
</testsuite> <!-- com.data.readdatafromexcel -->
