<?xml version="1.0" encoding="UTF-8"?>
<!-- Generated by org.testng.reporters.JUnitReportReporter -->
<testsuite skipped="0" hostname="Sysyetm53-PC" name="NewTest" tests="1" failures="0" timestamp="26 Sep 2018 04:25:52 GMT" time="0.009" errors="0">
  <testcase name="f1" time="0.009" classname="NewTest"/>
</testsuite> <!-- NewTest -->
