<?xml version="1.0" encoding="UTF-8"?>
<!-- Generated by org.testng.reporters.JUnitReportReporter -->
<testsuite skipped="0" hostname="System17-PC" name="com.data.fileupload" tests="1" failures="0" timestamp="02 Nov 2018 09:51:12 GMT" time="27.306" errors="0">
  <testcase name="login" time="27.306" classname="com.data.fileupload"/>
</testsuite> <!-- com.data.fileupload -->
