<?xml version="1.0" encoding="UTF-8"?>
<!-- Generated by org.testng.reporters.JUnitReportReporter -->
<testsuite skipped="0" hostname="Sysyetm53-PC" name="com.data.newitemwithdataprov" tests="12" failures="0" timestamp="08 Oct 2018 04:04:59 GMT" time="76.024" errors="0">
  <testcase name="newItemValidations" time="6.199" classname="com.data.newitemwithdataprov"/>
  <testcase name="newItemValidations" time="6.034" classname="com.data.newitemwithdataprov"/>
  <testcase name="newItemValidations" time="6.376" classname="com.data.newitemwithdataprov"/>
  <testcase name="newItemValidations" time="6.271" classname="com.data.newitemwithdataprov"/>
  <testcase name="newItemValidations" time="6.246" classname="com.data.newitemwithdataprov"/>
  <testcase name="newItemValidations" time="6.366" classname="com.data.newitemwithdataprov"/>
  <testcase name="newItemValidations" time="6.276" classname="com.data.newitemwithdataprov"/>
  <testcase name="newItemValidations" time="6.570" classname="com.data.newitemwithdataprov"/>
  <testcase name="newItemValidations" time="6.473" classname="com.data.newitemwithdataprov"/>
  <testcase name="newItemValidations" time="6.343" classname="com.data.newitemwithdataprov"/>
  <testcase name="newItemValidations" time="6.508" classname="com.data.newitemwithdataprov"/>
  <testcase name="newItemValidations" time="6.362" classname="com.data.newitemwithdataprov"/>
</testsuite> <!-- com.data.newitemwithdataprov -->
