<?xml version="1.0" encoding="UTF-8"?>
<!-- Generated by org.testng.reporters.JUnitReportReporter -->
<testsuite skipped="0" hostname="Sysyetm53-PC" name="NewTest2" tests="1" failures="0" timestamp="26 Sep 2018 04:25:52 GMT" time="0.006" errors="0">
  <testcase name="f" time="0.006" classname="NewTest2"/>
</testsuite> <!-- NewTest2 -->
