<?xml version="1.0" encoding="UTF-8"?>
<!-- Generated by org.testng.reporters.JUnitReportReporter -->
<testsuite skipped="0" hostname="Sysyetm53-PC" name="com.data.paasingdatatotests" tests="3" failures="0" timestamp="04 Oct 2018 03:08:14 GMT" time="7.084" errors="0">
  <testcase name="loginwithNullvalues" time="2.347" classname="com.data.paasingdatatotests"/>
  <testcase name="loginwithValidCred" time="3.237" classname="com.data.paasingdatatotests"/>
  <testcase name="loginwithInvalidCred" time="1.500" classname="com.data.paasingdatatotests"/>
</testsuite> <!-- com.data.paasingdatatotests -->
