<?xml version="1.0" encoding="UTF-8"?>
<!-- Generated by org.testng.reporters.JUnitReportReporter -->
<testsuite skipped="0" hostname="Sysyetm53-PC" name="com.data.readdatafrmexcel" tests="1" failures="0" timestamp="28 Sep 2018 03:25:08 GMT" time="0.201" errors="0">
  <testcase name="readdata" time="0.201" classname="com.data.readdatafrmexcel"/>
</testsuite> <!-- com.data.readdatafrmexcel -->
