<?xml version="1.0" encoding="UTF-8"?>
<!-- Generated by org.testng.reporters.JUnitReportReporter -->
<testsuite skipped="0" hostname="Sysyetm53-PC" name="com.data.dataprovwithvalidations" tests="3" failures="0" timestamp="05 Oct 2018 05:53:55 GMT" time="4.044" errors="0">
  <testcase name="loginwithvalidations" time="1.768" classname="com.data.dataprovwithvalidations"/>
  <testcase name="loginwithvalidations" time="1.224" classname="com.data.dataprovwithvalidations"/>
  <testcase name="loginwithvalidations" time="1.052" classname="com.data.dataprovwithvalidations"/>
</testsuite> <!-- com.data.dataprovwithvalidations -->
