<?xml version="1.0" encoding="UTF-8"?>
<!-- Generated by org.testng.reporters.JUnitReportReporter -->
<testsuite skipped="0" hostname="Sysyetm53-PC" name="com.data.multipletabsusingonedriver" tests="1" failures="0" timestamp="10 Oct 2018 06:22:14 GMT" time="18.885" errors="0">
  <testcase name="multtabs" time="18.885" classname="com.data.multipletabsusingonedriver"/>
</testsuite> <!-- com.data.multipletabsusingonedriver -->
