<?xml version="1.0" encoding="UTF-8"?>
<!-- Generated by org.testng.reporters.JUnitReportReporter -->
<testsuite skipped="0" hostname="Sysyetm53-PC" name="com.data.mouseactions" tests="1" failures="0" timestamp="08 Oct 2018 06:55:02 GMT" time="7.842" errors="0">
  <testcase name="mouseact" time="7.842" classname="com.data.mouseactions"/>
</testsuite> <!-- com.data.mouseactions -->
