<?xml version="1.0" encoding="UTF-8"?>
<!-- Generated by org.testng.reporters.JUnitReportReporter -->
<testsuite skipped="0" hostname="Sysyetm53-PC" name="com.data.webtables2" tests="1" failures="0" timestamp="23 Oct 2018 05:05:34 GMT" time="2.672" errors="0">
  <testcase name="test" time="2.672" classname="com.data.webtables2"/>
</testsuite> <!-- com.data.webtables2 -->
