<?xml version="1.0" encoding="UTF-8"?>
<!-- Generated by org.testng.reporters.JUnitReportReporter -->
<testsuite skipped="0" hostname="Sysyetm53-PC" name="com.data.webtables" tests="1" failures="0" timestamp="23 Oct 2018 04:56:01 GMT" time="12.299" errors="0">
  <testcase name="searchCustomer" time="12.299" classname="com.data.webtables"/>
</testsuite> <!-- com.data.webtables -->
