<?xml version="1.0" encoding="UTF-8"?>
<!-- Generated by org.testng.reporters.JUnitReportReporter -->
<testsuite skipped="0" hostname="Sysyetm53-PC" name="com.data.drivernavigations" tests="1" failures="0" timestamp="09 Oct 2018 04:18:57 GMT" time="4.950" errors="0">
  <testcase name="navidatedriver" time="4.950" classname="com.data.drivernavigations"/>
</testsuite> <!-- com.data.drivernavigations -->
