<?xml version="1.0" encoding="UTF-8"?>
<!-- Generated by org.testng.reporters.JUnitReportReporter -->
<testsuite skipped="0" hostname="Sysyetm53-PC" name="com.data.dataproviderprog" tests="3" failures="0" timestamp="05 Oct 2018 06:51:32 GMT" time="3.455" errors="0">
  <testcase name="login" time="0.876" classname="com.data.dataproviderprog"/>
  <testcase name="login" time="0.914" classname="com.data.dataproviderprog"/>
  <testcase name="login" time="1.665" classname="com.data.dataproviderprog"/>
</testsuite> <!-- com.data.dataproviderprog -->
